<?xml version="1.0" encoding="UTF-8"?>
<testng-results total="1" passed="1" failed="0" skipped="0">
  <reporter-output>
    <line>
      <![CDATA[Opening expected site]]>
    </line>
  </reporter-output>
  <suite started-at="2023-08-28T14:39:22Z" name="Default suite" finished-at="2023-08-28T14:39:28Z" duration-ms="6361">
    <groups>
    </groups>
    <test started-at="2023-08-28T14:39:22Z" name="Default test" finished-at="2023-08-28T14:39:28Z" duration-ms="6361">
      <class name="d.dd">
        <test-method signature="jioMart()" started-at="2023-08-28T14:39:22Z" name="jioMart" finished-at="2023-08-28T14:39:28Z" duration-ms="6344" status="PASS">
        </test-method>
      </class>
    </test>
  </suite>
</testng-results>
